Traceback (most recent call last):
  File "C:\Users\tirab\AppData\Local\Programs\Python\Python310\lib\site-packages\jupyter_cache\executors\utils.py", line 58, in single_nb_execution
    executenb(
  File "C:\Users\tirab\AppData\Local\Programs\Python\Python310\lib\site-packages\nbclient\client.py", line 1314, in execute
    return NotebookClient(nb=nb, resources=resources, km=km, **kwargs).execute()
  File "C:\Users\tirab\AppData\Roaming\Python\Python310\site-packages\jupyter_core\utils\__init__.py", line 173, in wrapped
    return loop.run_until_complete(inner)
  File "C:\Users\tirab\AppData\Local\Programs\Python\Python310\lib\asyncio\base_events.py", line 646, in run_until_complete
    return future.result()
  File "C:\Users\tirab\AppData\Local\Programs\Python\Python310\lib\site-packages\nbclient\client.py", line 709, in async_execute
    await self.async_execute_cell(
  File "C:\Users\tirab\AppData\Local\Programs\Python\Python310\lib\site-packages\nbclient\client.py", line 1062, in async_execute_cell
    await self._check_raise_for_error(cell, cell_index, exec_reply)
  File "C:\Users\tirab\AppData\Local\Programs\Python\Python310\lib\site-packages\nbclient\client.py", line 918, in _check_raise_for_error
    raise CellExecutionError.from_cell_and_msg(cell, exec_reply_content)
nbclient.exceptions.CellExecutionError: An error occurred while executing the following cell:
------------------
# Creación de tres instancias de la clase Alumno
alumno1 = Alumno("Juan", 20, [8, 7, 9, 10, 6])
alumno2 = Alumno("María", 22, [7, 7, 8, 9, 8])
alumno3 = Alumno("Pedro", 19, [5, 6, 4, 1, 1])

# Llamada a los métodos de la clase Alumno
print("Alumno 1:")
print("Promedio:", alumno1.promedio())          # Promedio: 8.0
print("Nota máxima:", alumno1.nota_maxima())    # Nota máxima: 10
print("Nota mínima:", alumno1.nota_minima())    # Nota mínima: 6
print("¿Aprobó?", alumno1.aprobo(),'\n')        # ¿Aprobó? True

print("Alumno 2:")
print("Promedio:", alumno2.promedio())          # Promedio: 8.0
print("Nota máxima:", alumno2.nota_maxima())    # Nota máxima: 9
print("Nota mínima:", alumno2.nota_minima())    # Nota mínima: 7
print("¿Aprobó?", alumno2.aprobo(),'\n')        # ¿Aprobó? True

print("Alumno 3:")
print("Promedio:", alumno3.promedio())          # Promedio: 3.4
print("Notas:", alumno3.notas())                # Notas: [5, 6, 4, 1, 1]
print("Nota máxima:", alumno3.nota_maxima())    # Nota máxima: 6
print("Nota mínima:", alumno3.nota_minima())    # Nota mínima: 1
print("¿Aprobó?", alumno3.aprobo(),'\n')        # ¿Aprobó? False

print("Alumno 3 (con otra nota):")
alumno3.agregar_nota(10)                        # Agrega 10 a las notas
print("Notas:", alumno3.notas())                # Notas: [5, 6, 4, 1, 1, 10]
print("Promedio:", alumno3.promedio())          # Promedio: 4.5
print("Nota máxima:", alumno3.nota_maxima())    # Nota máxima: 10
print("Nota mínima:", alumno3.nota_minima())    # Nota mínima: 1
print("¿Aprobó?", alumno3.aprobo(),'\n')        # ¿Aprobó? True
------------------


[1;31m---------------------------------------------------------------------------[0m
[1;31mNameError[0m                                 Traceback (most recent call last)
Cell [1;32mIn[2], line 2[0m
[0;32m      1[0m [38;5;66;03m# Creación de tres instancias de la clase Alumno[39;00m
[1;32m----> 2[0m alumno1 [38;5;241m=[39m [43mAlumno[49m([38;5;124m"[39m[38;5;124mJuan[39m[38;5;124m"[39m, [38;5;241m20[39m, [[38;5;241m8[39m, [38;5;241m7[39m, [38;5;241m9[39m, [38;5;241m10[39m, [38;5;241m6[39m])
[0;32m      3[0m alumno2 [38;5;241m=[39m Alumno([38;5;124m"[39m[38;5;124mMaría[39m[38;5;124m"[39m, [38;5;241m22[39m, [[38;5;241m7[39m, [38;5;241m7[39m, [38;5;241m8[39m, [38;5;241m9[39m, [38;5;241m8[39m])
[0;32m      4[0m alumno3 [38;5;241m=[39m Alumno([38;5;124m"[39m[38;5;124mPedro[39m[38;5;124m"[39m, [38;5;241m19[39m, [[38;5;241m5[39m, [38;5;241m6[39m, [38;5;241m4[39m, [38;5;241m1[39m, [38;5;241m1[39m])

[1;31mNameError[0m: name 'Alumno' is not defined

